[debug] [2023-07-14T15:05:07.206Z] ----------------------------------------------------------------------
[debug] [2023-07-14T15:05:07.209Z] Command:       /usr/local/bin/node /usr/local/bin/firebase init
[debug] [2023-07-14T15:05:07.210Z] CLI Version:   12.4.3
[debug] [2023-07-14T15:05:07.210Z] Platform:      darwin
[debug] [2023-07-14T15:05:07.210Z] Node Version:  v18.15.0
[debug] [2023-07-14T15:05:07.212Z] Time:          Fri Jul 14 2023 11:05:07 GMT-0400 (Eastern Daylight Time)
[debug] [2023-07-14T15:05:07.212Z] ----------------------------------------------------------------------
[debug] 
[debug] [2023-07-14T15:05:07.293Z] > command requires scopes: ["email","openid","https://www.googleapis.com/auth/cloudplatformprojects.readonly","https://www.googleapis.com/auth/firebase","https://www.googleapis.com/auth/cloud-platform"]
[debug] [2023-07-14T15:05:07.294Z] > authorizing via signed-in user (andwel8485@gmail.com)
[info] 
     ######## #### ########  ######## ########     ###     ######  ########
     ##        ##  ##     ## ##       ##     ##  ##   ##  ##       ##
     ######    ##  ########  ######   ########  #########  ######  ######
     ##        ##  ##    ##  ##       ##     ## ##     ##       ## ##
     ##       #### ##     ## ######## ########  ##     ##  ######  ########

You're about to initialize a Firebase project in this directory:

  /Users/andersonchang/Documents/Projects/AngularProject/Blog/ang-blog-app

Before we get started, keep in mind:

  * You are initializing within an existing Firebase project directory

[info] 
=== Project Setup
[info] 
[info] First, let's associate this project directory with a Firebase project.
[info] You can create multiple project aliases by running firebase use --add, 
[info] but for now we'll just set up a default project.
[info] 
[debug] [2023-07-14T15:05:14.104Z] Using project from CLI flag: angular-blog-55cbf
[debug] [2023-07-14T15:05:14.106Z] > refreshing access token with scopes: []
[debug] [2023-07-14T15:05:14.109Z] >>> [apiv2][query] POST https://www.googleapis.com/oauth2/v3/token [none]
[debug] [2023-07-14T15:05:14.109Z] >>> [apiv2][body] POST https://www.googleapis.com/oauth2/v3/token [omitted]
[debug] [2023-07-14T15:05:14.438Z] <<< [apiv2][status] POST https://www.googleapis.com/oauth2/v3/token 200
[debug] [2023-07-14T15:05:14.438Z] <<< [apiv2][body] POST https://www.googleapis.com/oauth2/v3/token [omitted]
[debug] [2023-07-14T15:05:14.482Z] >>> [apiv2][query] GET https://firebase.googleapis.com/v1beta1/projects/angular-blog-55cbf [none]
[debug] [2023-07-14T15:05:14.726Z] <<< [apiv2][status] GET https://firebase.googleapis.com/v1beta1/projects/angular-blog-55cbf 200
[debug] [2023-07-14T15:05:14.727Z] <<< [apiv2][body] GET https://firebase.googleapis.com/v1beta1/projects/angular-blog-55cbf {"projectId":"angular-blog-55cbf","projectNumber":"614171058560","displayName":"angular-blog","name":"projects/angular-blog-55cbf","resources":{"hostingSite":"angular-blog-55cbf","storageBucket":"angular-blog-55cbf.appspot.com","locationId":"us-central"},"state":"ACTIVE","etag":"1_1fc73cf0-1ad6-4527-a2c7-a5ce3622a7f3"}
[info] i  Using project angular-blog-55cbf (angular-blog) 
[info] 
=== Hosting:github Setup
[info] 
[info] i  Detected a .git folder at /Users/andersonchang/Documents/Projects/AngularProject/Blog/ang-blog-app 
[info] i  Authorizing with GitHub to upload your service account to a GitHub repository's secrets store. 
[info] 
[info] Visit this URL on this device to log in:
[info] https://github.com/login/oauth/authorize?client_id=89cf50f02ac6aaed3484&state=399151940&redirect_uri=http%3A%2F%2Flocalhost%3A9005&scope=read%3Auser%20repo%20public_repo
[info] 
[info] Waiting for authentication...
[debug] [2023-07-14T15:05:29.857Z] >>> [apiv2][query] POST https://github.com/login/oauth/access_token [none]
[debug] [2023-07-14T15:05:29.858Z] >>> [apiv2][body] POST https://github.com/login/oauth/access_token [stream]
[debug] [2023-07-14T15:05:30.012Z] <<< [apiv2][status] POST https://github.com/login/oauth/access_token 200
[debug] [2023-07-14T15:05:30.012Z] <<< [apiv2][body] POST https://github.com/login/oauth/access_token {"access_token":"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","token_type":"bearer","scope":"read:user,repo"}
[debug] [2023-07-14T15:05:30.020Z] >>> [apiv2][query] GET https://api.github.com/user [none]
[debug] [2023-07-14T15:05:30.203Z] <<< [apiv2][status] GET https://api.github.com/user 200
[debug] [2023-07-14T15:05:30.204Z] <<< [apiv2][body] GET https://api.github.com/user {"login":"andwel8485","id":43878931,"node_id":"MDQ6VXNlcjQzODc4OTMx","avatar_url":"https://avatars.githubusercontent.com/u/43878931?v=4","gravatar_id":"","url":"https://api.github.com/users/andwel8485","html_url":"https://github.com/andwel8485","followers_url":"https://api.github.com/users/andwel8485/followers","following_url":"https://api.github.com/users/andwel8485/following{/other_user}","gists_url":"https://api.github.com/users/andwel8485/gists{/gist_id}","starred_url":"https://api.github.com/users/andwel8485/starred{/owner}{/repo}","subscriptions_url":"https://api.github.com/users/andwel8485/subscriptions","organizations_url":"https://api.github.com/users/andwel8485/orgs","repos_url":"https://api.github.com/users/andwel8485/repos","events_url":"https://api.github.com/users/andwel8485/events{/privacy}","received_events_url":"https://api.github.com/users/andwel8485/received_events","type":"User","site_admin":false,"name":null,"company":null,"blog":"","location":null,"email":null,"hireable":null,"bio":null,"twitter_username":null,"public_repos":9,"public_gists":0,"followers":0,"following":0,"created_at":"2018-10-05T10:09:17Z","updated_at":"2023-07-10T16:03:30Z","private_gists":0,"total_private_repos":1,"owned_private_repos":1,"disk_usage":16348,"collaborators":0,"two_factor_authentication":false,"plan":{"name":"free","space":976562499,"collaborators":0,"private_repos":10000}}
[info] 
[info] ✔  Success! Logged into GitHub as andwel8485 
[info] 
